<?xml version="1.0" encoding="UTF-8"?>
<!-- Generated by org.testng.reporters.JUnitReportReporter -->
<testsuite hostname="DESKTOP-813B9JT" name="com.training.sanity.tests.MultipleUserEnquiryDBTest" tests="3" failures="0" timestamp="18 Sep 2019 21:18:45 GMT" time="134.505" errors="0">
  <testcase name="Enquiry" time="44.588" classname="com.training.sanity.tests.MultipleUserEnquiryDBTest"/>
  <testcase name="Enquiry" time="44.632" classname="com.training.sanity.tests.MultipleUserEnquiryDBTest"/>
  <testcase name="Enquiry" time="45.285" classname="com.training.sanity.tests.MultipleUserEnquiryDBTest"/>
</testsuite> <!-- com.training.sanity.tests.MultipleUserEnquiryDBTest -->
