<?xml version="1.0" encoding="UTF-8"?>
<!-- Generated by org.testng.reporters.JUnitReportReporter -->
<testsuite hostname="DESKTOP-813B9JT" name="com.training.sanity.tests.LoginTests" tests="1" failures="0" timestamp="3 Sep 2019 05:12:09 GMT" time="27.765" errors="0">
  <testcase name="validLoginTest" time="27.765" classname="com.training.sanity.tests.LoginTests"/>
</testsuite> <!-- com.training.sanity.tests.LoginTests -->
