<?xml version="1.0" encoding="UTF-8"?>
<!-- Generated by org.testng.reporters.JUnitReportReporter -->
<testsuite hostname="DESKTOP-813B9JT" name="com.training.regression.tests.LoginExcelTest" tests="2" failures="0" timestamp="16 Sep 2019 04:59:53 GMT" time="96.132" errors="0">
  <testcase name="loginDBTest" time="46.507" classname="com.training.regression.tests.LoginExcelTest"/>
  <testcase name="loginDBTest" time="49.625" classname="com.training.regression.tests.LoginExcelTest"/>
</testsuite> <!-- com.training.regression.tests.LoginExcelTest -->
