<?xml version="1.0" encoding="UTF-8"?>
<!-- Generated by org.testng.reporters.JUnitReportReporter -->
<testsuite hostname="DESKTOP-813B9JT" name="com.training.sanity.tests.PwdRecoveryTest" tests="1" failures="0" timestamp="4 Sep 2019 09:25:05 GMT" time="33.676" errors="0">
  <testcase name="validLoginTest" time="33.676" classname="com.training.sanity.tests.PwdRecoveryTest"/>
</testsuite> <!-- com.training.sanity.tests.PwdRecoveryTest -->
