<?xml version="1.0" encoding="UTF-8"?>
<!-- Generated by org.testng.reporters.JUnitReportReporter -->
<testsuite hostname="DESKTOP-813B9JT" name="com.training.sanity.tests.EnquiryTests" tests="1" failures="0" timestamp="29 Aug 2019 10:34:06 GMT" time="45.296" errors="0">
  <testcase name="Enquiry" time="45.296" classname="com.training.sanity.tests.EnquiryTests"/>
</testsuite> <!-- com.training.sanity.tests.EnquiryTests -->
